<?xml version="1.0" encoding="UTF-8"?>
<!-- Generated by org.testng.reporters.JUnitReportReporter -->
<testsuite hostname="DESKTOP-7FERR33" failures="0" tests="1" name="testCases.VerifyHomeScreen" time="8.181" errors="0" timestamp="2023-11-28T17:22:36 PKT" skipped="0">
  <testcase classname="testCases.VerifyHomeScreen" name="verifyHomeScreen" time="8.181"/>
</testsuite> <!-- testCases.VerifyHomeScreen -->
