<?xml version="1.0" encoding="UTF-8"?>
<!-- Generated by org.testng.reporters.JUnitReportReporter -->
<testsuite hostname="DESKTOP-7FERR33" failures="0" tests="1" name="testCases.ChechIconGrid" time="7.550" errors="0" timestamp="2023-11-28T16:49:15 PKT" skipped="0">
  <testcase classname="testCases.ChechIconGrid" name="openViewsPage" time="7.550"/>
</testsuite> <!-- testCases.ChechIconGrid -->
