<?xml version="1.0" encoding="UTF-8"?>
<!-- Generated by org.testng.reporters.JUnitReportReporter -->
<testsuite hostname="DESKTOP-7FERR33" failures="0" tests="1" name="testCases.VerifySliderX" time="21.135" errors="0" timestamp="2023-12-04T13:29:47 PKT" skipped="0">
  <testcase classname="testCases.VerifySliderX" name="verifySlider" time="21.135"/>
</testsuite> <!-- testCases.VerifySliderX -->
