<?xml version="1.0" encoding="UTF-8"?>
<!-- Generated by org.testng.reporters.JUnitReportReporter -->
<testsuite hostname="DESKTOP-7FERR33" failures="0" tests="1" name="testCases.ViewsTestCases" time="24.435" errors="0" timestamp="2023-11-28T17:34:24 PKT" skipped="0">
  <testcase classname="testCases.ViewsTestCases" name="openIconGrid" time="24.435"/>
</testsuite> <!-- testCases.ViewsTestCases -->
