<?xml version="1.0" encoding="UTF-8"?>
<!-- Generated by org.testng.reporters.JUnitReportReporter -->
<testsuite hostname="DESKTOP-7FERR33" failures="0" tests="2" name="testCases.ViewsTestCases" time="38.131" errors="0" timestamp="2023-12-04T18:36:57 PKT" skipped="0">
  <testcase classname="testCases.ViewsTestCases" name="openIconGrid" time="24.811"/>
  <testcase classname="testCases.ViewsTestCases" name="readContent" time="13.320"/>
</testsuite> <!-- testCases.ViewsTestCases -->
