<?xml version="1.0" encoding="UTF-8"?>
<!-- Generated by org.testng.reporters.JUnitReportReporter -->
<testsuite hostname="DESKTOP-7FERR33" failures="0" tests="2" name="testCases.VerifyHomeScreen" time="20.420" errors="0" timestamp="2023-12-04T18:36:57 PKT" skipped="0">
  <testcase classname="testCases.VerifyHomeScreen" name="verifyHomeScreen" time="6.839"/>
  <testcase classname="testCases.VerifyHomeScreen" name="readContent" time="13.581"/>
</testsuite> <!-- testCases.VerifyHomeScreen -->
