<?xml version="1.0" encoding="UTF-8"?>
<!-- Generated by org.testng.reporters.JUnitReportReporter -->
<testsuite hostname="DESKTOP-7FERR33" failures="0" tests="2" name="testCases.VerifyHomeScreen" time="20.026" errors="0" timestamp="2023-11-28T17:24:48 PKT" skipped="0">
  <testcase classname="testCases.VerifyHomeScreen" name="verifyHomeScreen" time="6.777"/>
  <testcase classname="testCases.VerifyHomeScreen" name="readContent" time="13.249"/>
</testsuite> <!-- testCases.VerifyHomeScreen -->
