<?xml version="1.0" encoding="UTF-8"?>
<!-- Generated by org.testng.reporters.JUnitReportReporter -->
<testsuite hostname="DESKTOP-7FERR33" failures="0" tests="3" name="testCases.ChechIconGrid" time="25.665" errors="0" timestamp="2023-12-04T18:36:57 PKT" skipped="0">
  <testcase classname="testCases.ChechIconGrid" name="openViewsPage" time="7.575"/>
  <testcase classname="testCases.ChechIconGrid" name="verifyViewsPage" time="4.735"/>
  <testcase classname="testCases.ChechIconGrid" name="readContent" time="13.355"/>
</testsuite> <!-- testCases.ChechIconGrid -->
