<?xml version="1.0" encoding="UTF-8"?>
<!-- Generated by org.testng.reporters.JUnitReportReporter -->
<testsuite hostname="DESKTOP-7FERR33" failures="0" tests="3" name="testCases.ChechIconGrid" time="25.610" errors="0" timestamp="2023-11-28T17:24:48 PKT" skipped="0">
  <testcase classname="testCases.ChechIconGrid" name="verifyViewsPage" time="4.692"/>
  <testcase classname="testCases.ChechIconGrid" name="openViewsPage" time="7.590"/>
  <testcase classname="testCases.ChechIconGrid" name="readContent" time="13.328"/>
</testsuite> <!-- testCases.ChechIconGrid -->
